TN:
SF:/home/michael/Documents/NodeJS Tutorial/AdvancedNodeJSTutorial/config/dev.js
FNF:0
FNH:0
DA:1,2
LF:1
LH:1
BRF:0
BRH:0
end_of_record
TN:
SF:/home/michael/Documents/NodeJS Tutorial/AdvancedNodeJSTutorial/config/keys.js
FNF:0
FNH:0
DA:1,2
DA:2,0
DA:3,2
DA:4,0
DA:6,2
LF:5
LH:3
BRDA:1,0,0,0
BRDA:1,0,1,2
BRDA:3,1,0,0
BRDA:3,1,1,2
BRF:4
BRH:2
end_of_record
TN:
SF:/home/michael/Documents/NodeJS Tutorial/AdvancedNodeJSTutorial/models/Blog.js
FNF:0
FNH:0
DA:1,2
DA:2,2
DA:4,2
DA:11,2
LF:4
LH:4
BRF:0
BRH:0
end_of_record
TN:
SF:/home/michael/Documents/NodeJS Tutorial/AdvancedNodeJSTutorial/models/User.js
FNF:0
FNH:0
DA:1,2
DA:2,2
DA:4,2
DA:9,2
LF:4
LH:4
BRF:0
BRH:0
end_of_record
TN:
SF:/home/michael/Documents/NodeJS Tutorial/AdvancedNodeJSTutorial/services/mongoose.js
FN:4,(anonymous_0)
FN:13,(anonymous_1)
FN:20,(anonymous_2)
FN:34,(anonymous_3)
FNF:4
FNH:1
FNDA:2,(anonymous_0)
FNDA:0,(anonymous_1)
FNDA:0,(anonymous_2)
FNDA:0,(anonymous_3)
DA:1,2
DA:2,2
DA:4,2
DA:5,2
DA:6,2
DA:8,2
DA:10,2
DA:11,2
DA:13,2
DA:14,0
DA:15,0
DA:17,0
DA:20,2
DA:21,0
DA:22,0
DA:25,0
DA:29,0
DA:30,0
DA:31,0
DA:33,0
DA:34,0
DA:38,0
DA:39,0
DA:41,0
LF:24
LH:10
BRDA:13,0,0,0
BRDA:15,1,0,0
BRDA:15,1,1,0
BRDA:21,2,0,0
BRDA:21,2,1,0
BRDA:30,3,0,0
BRDA:30,3,1,0
BRDA:33,4,0,0
BRDA:33,4,1,0
BRF:9
BRH:0
end_of_record
TN:
SF:/home/michael/Documents/NodeJS Tutorial/AdvancedNodeJSTutorial/services/redis.js
FN:4,Redis
FN:8,(anonymous_1)
FN:16,(anonymous_2)
FN:20,(anonymous_3)
FN:31,(anonymous_4)
FNF:5
FNH:2
FNDA:2,Redis
FNDA:2,(anonymous_1)
FNDA:0,(anonymous_2)
FNDA:0,(anonymous_3)
FNDA:0,(anonymous_4)
DA:1,2
DA:2,2
DA:5,2
DA:8,2
DA:9,2
DA:13,2
DA:14,2
DA:16,2
DA:17,0
DA:20,2
DA:21,0
DA:24,2
DA:25,2
DA:26,2
DA:27,2
DA:28,2
DA:31,2
DA:32,0
DA:35,2
LF:19
LH:16
BRF:0
BRH:0
end_of_record
TN:
SF:/home/michael/Documents/NodeJS Tutorial/AdvancedNodeJSTutorial/tests/setup.js
FNF:0
FNH:0
DA:1,2
DA:3,2
DA:5,2
DA:6,2
DA:7,2
LF:5
LH:5
BRF:0
BRH:0
end_of_record
TN:
SF:/home/michael/Documents/NodeJS Tutorial/AdvancedNodeJSTutorial/tests/factories/session.factory.js
FN:6,(anonymous_0)
FNF:1
FNH:1
FNDA:2,(anonymous_0)
DA:1,2
DA:2,2
DA:4,2
DA:6,2
DA:7,2
DA:8,2
DA:14,2
DA:18,2
DA:20,2
LF:9
LH:9
BRF:0
BRH:0
end_of_record
TN:
SF:/home/michael/Documents/NodeJS Tutorial/AdvancedNodeJSTutorial/tests/factories/user.factory.js
FN:4,(anonymous_0)
FNF:1
FNH:1
FNDA:2,(anonymous_0)
DA:1,2
DA:2,2
DA:4,2
DA:5,2
LF:4
LH:4
BRF:0
BRH:0
end_of_record
TN:
SF:/home/michael/Documents/NodeJS Tutorial/AdvancedNodeJSTutorial/tests/helpers/page.helper.js
FN:6,(anonymous_0)
FN:15,(anonymous_1)
FN:21,(anonymous_2)
FN:34,(anonymous_3)
FN:35,(anonymous_4)
FN:38,(anonymous_5)
FNF:6
FNH:5
FNDA:4,(anonymous_0)
FNDA:88,(anonymous_1)
FNDA:2,(anonymous_2)
FNDA:3,(anonymous_3)
FNDA:0,(anonymous_4)
FNDA:4,(anonymous_5)
DA:1,2
DA:2,2
DA:3,2
DA:7,4
DA:11,4
DA:12,4
DA:14,4
DA:16,88
DA:22,2
DA:23,2
DA:27,2
DA:31,2
DA:35,3
DA:39,4
DA:43,2
LF:15
LH:15
BRDA:16,0,0,88
BRDA:16,0,1,74
BRDA:16,0,2,58
BRF:3
BRH:3
end_of_record
